<?xml version='1.0' encoding='UTF-8'?>
<testsuite hostname="WX-5CG7476JCR" name="com.lightbend.training.coffeehouse.GuestSpec" tests="5" errors="0" failures="0" skipped="0" time="0.248" timestamp="2020-04-15T07:59:21">
                     <properties>
      <property name="jline.esc.timeout" value="0"/><property name="java.runtime.name" value="Java(TM) SE Runtime Environment"/><property name="sun.boot.library.path" value="C:\Program Files\Java\jdk1.8.0_172\jre\bin"/><property name="java.vm.version" value="25.172-b11"/><property name="jline.terminal" value="unix"/><property name="java.vm.vendor" value="Oracle Corporation"/><property name="java.vendor.url" value="http://java.oracle.com/"/><property name="path.separator" value=";"/><property name="jna.loaded" value="true"/><property name="java.vm.name" value="Java HotSpot(TM) 64-Bit Server VM"/><property name="file.encoding.pkg" value="sun.io"/><property name="user.country" value="US"/><property name="user.script" value=""/><property name="sun.java.launcher" value="SUN_STANDARD"/><property name="sun.os.patch.level" value=""/><property name="jna.nosys" value="true"/><property name="java.vm.specification.name" value="Java Virtual Machine Specification"/><property name="user.dir" value="C:\DevTools\workspace\akka-for-scala\LAS-P-lightbend-akka-for-scala-professional-v1"/><property name="java.runtime.version" value="1.8.0_172-b11"/><property name="java.awt.graphicsenv" value="sun.awt.Win32GraphicsEnvironment"/><property name="java.endorsed.dirs" value="C:\Program Files\Java\jdk1.8.0_172\jre\lib\endorsed"/><property name="os.arch" value="amd64"/><property name="java.io.tmpdir" value="C:\Users\BOGDAN~1.DIN\AppData\Local\Temp\"/><property name="line.separator" value="
"/><property name="java.vm.specification.vendor" value="Oracle Corporation"/><property name="user.variant" value=""/><property name="os.name" value="Windows 10"/><property name="sun.jnu.encoding" value="Cp1252"/><property name="jnidispatch.path" value="C:\Users\BOGDAN~1.DIN\AppData\Local\Temp\jna-1407620335\jna6211937969947155339.dll"/><property name="java.library.path" value="C:\Program Files\Java\jdk1.8.0_172\jre\bin;C:\Windows\Sun\Java\bin;C:\Windows\system32;C:\Windows;C:\Users\bogdan.dina\bin;C:\Program Files\Git\mingw64\bin;C:\Program Files\Git\usr\local\bin;C:\Program Files\Git\usr\bin;C:\Program Files\Git\usr\bin;C:\Program Files\Git\mingw64\bin;C:\Program Files\Git\usr\bin;C:\Users\bogdan.dina\bin;C:\Program Files\Java\jdk1.8.0_172\jre\bin;C:\app\OracleUser\product\12.1.0\dbhome_1\bin;C:\app\oracle\product\12.1.0\dbhome_1\bin;C:\Program Files\Haskell\bin;C:\Program Files\Haskell Platform\8.4.3\lib\extralibs\bin;C:\Program Files\Haskell Platform\8.4.3\bin;C:\Program Files\Docker\Docker\Resources\bin;C:\Windows\system32;C:\Windows;C:\Windows\System32\Wbem;C:\DevTools\Gradle\gradle-4.7\bin;C:\Program Files\Git\cmd;C:\HashiCorp\Vagrant\bin;C:\Program Files\Docker;C:\Program Files\dotnet;C:\Windows\Microsoft.NET\Framework\v4.0.30319;C:\Program Files\nodejs;C:\ProgramData\chocolatey\bin;C:\DevTools\K8S;C:\Program Files\Java\jdk1.8.0_172\bin;C:\DevTools\protoc\bin;C:\DevTools\kafka\kafka_2.11-2.0.0\bin\windows;C:\DevTools\Maven\apache-maven-3.6.0\bin;C:\Program Files\Docker Toolbox;C:\Android\sdk-tools-windows-4333796\tools;C:\Program Files (x86)\Yarn\bin;C:\Program Files\OpenJDK\jdk-13\bin;C:\DevTools\GCP\google-cloud-sdk\bin;C:\Program Files (x86)\scala\bin;C:\Windows\System32\WindowsPowerShell\v1.0;C:\DevTools\sbt\bin;C:\DevTools\sbt\bin;C:\Users\bogdan.dina\AppData\Local\Continuum\anaconda3;C:\Users\bogdan.dina\AppData\Local\Continuum\anaconda3\Library\mingw-w64\bin;C:\Users\bogdan.dina\AppData\Local\Continuum\anaconda3\Library\usr\bin;C:\Users\bogdan.dina\AppData\Local\Continuum\anaconda3\Library\bin;C:\Users\bogdan.dina\AppData\Local\Continuum\anaconda3\Scripts;C:\Users\bogdan.dina\AppData\Local\Microsoft\WindowsApps;C:\Users\bogdan.dina\AppData\Local\atom\bin;C:\Users\bogdan.dina\AppData\Roaming\npm;C:\Users\bogdan.dina\AppData\Local\Programs\Microsoft VS Code\bin;C:\Users\bogdan.dina\.dotnet\tools;C:\Program Files\Git\usr\bin\vendor_perl;C:\Program Files\Git\usr\bin\core_perl;."/><property name="java.specification.name" value="Java Platform API Specification"/><property name="java.class.version" value="52.0"/><property name="sun.management.compiler" value="HotSpot 64-Bit Tiered Compilers"/><property name="os.version" value="10.0"/><property name="user.home" value="C:\Users\bogdan.dina"/><property name="user.timezone" value="GMT"/><property name="java.awt.printerjob" value="sun.awt.windows.WPrinterJob"/><property name="file.encoding" value="UTF-8"/><property name="java.specification.version" value="1.8"/><property name="java.class.path" value="C:\DevTools\sbt\bin\sbt-launch.jar"/><property name="user.name" value="Bogdan.Dina"/><property name="jline.shutdownhook" value="false"/><property name="java.vm.specification.version" value="1.8"/><property name="sun.java.command" value="C:\DevTools\sbt\bin\sbt-launch.jar"/><property name="java.home" value="C:\Program Files\Java\jdk1.8.0_172\jre"/><property name="sun.arch.data.model" value="64"/><property name="user.language" value="en"/><property name="java.specification.vendor" value="Oracle Corporation"/><property name="awt.toolkit" value="sun.awt.windows.WToolkit"/><property name="java.vm.info" value="mixed mode"/><property name="java.version" value="1.8.0_172"/><property name="java.ext.dirs" value="C:\Program Files\Java\jdk1.8.0_172\jre\lib\ext;C:\Windows\Sun\Java\lib\ext"/><property name="sun.boot.class.path" value="C:\Program Files\Java\jdk1.8.0_172\jre\lib\resources.jar;C:\Program Files\Java\jdk1.8.0_172\jre\lib\rt.jar;C:\Program Files\Java\jdk1.8.0_172\jre\lib\sunrsasign.jar;C:\Program Files\Java\jdk1.8.0_172\jre\lib\jsse.jar;C:\Program Files\Java\jdk1.8.0_172\jre\lib\jce.jar;C:\Program Files\Java\jdk1.8.0_172\jre\lib\charsets.jar;C:\Program Files\Java\jdk1.8.0_172\jre\lib\jfr.jar;C:\Program Files\Java\jdk1.8.0_172\jre\classes"/><property name="java.vendor" value="Oracle Corporation"/><property name="file.separator" value="\"/><property name="sbt.cygwin" value="true"/><property name="java.vendor.url.bug" value="http://bugreport.sun.com/bugreport/"/><property name="sun.io.unicode.encoding" value="UnicodeLittle"/><property name="sun.cpu.endian" value="little"/><property name="sun.desktop" value="windows"/><property name="sun.cpu.isalist" value="amd64"/>
    </properties>
                     <testcase classname="com.lightbend.training.coffeehouse.GuestSpec" name="Sending CoffeeServed to Guest should result in increasing the coffeeCount and log a status message at info" time="0.006">
                                                 
                                               </testcase><testcase classname="com.lightbend.training.coffeehouse.GuestSpec" name="Sending CoffeeServed to Guest should result in sending ServeCoffee to Waiter after finishCoffeeDuration" time="0.113">
                                                 
                                               </testcase><testcase classname="com.lightbend.training.coffeehouse.GuestSpec" name="Sending CoffeeServed to Guest should result in sending Complaint to Waiter for a wrong coffee" time="0.014">
                                                 
                                               </testcase><testcase classname="com.lightbend.training.coffeehouse.GuestSpec" name="Sending CoffeeFinished to Guest should result in sending ServeCoffee to Waiter" time="0.011">
                                                 
                                               </testcase><testcase classname="com.lightbend.training.coffeehouse.GuestSpec" name="Sending CoffeeFinished to Guest should result in a CaffeineException if caffeineLimit exceeded" time="0.104">
                                                 
                                               </testcase>
                     <system-out><![CDATA[]]></system-out>
                     <system-err><![CDATA[]]></system-err>
                   </testsuite>